<?xml version="1.0" encoding="UTF-8"?>
<testng-results ignored="0" total="1" passed="1" failed="0" skipped="0">
  <reporter-output>
  </reporter-output>
  <suite started-at="2025-09-06T18:13:37 IST" name="Default suite" finished-at="2025-09-06T18:14:47 IST" duration-ms="70164">
    <groups>
    </groups>
    <test started-at="2025-09-06T18:13:37 IST" name="Default test" finished-at="2025-09-06T18:14:47 IST" duration-ms="70164">
      <class name="tests.TestSeleniumGemini">
        <test-method is-config="true" signature="setup()[pri:0, instance:tests.TestSeleniumGemini@65fb9ffc]" started-at="2025-09-06T18:13:37 IST" name="setup" finished-at="2025-09-06T18:13:48 IST" duration-ms="10964" status="PASS">
          <reporter-output>
          </reporter-output>
        </test-method> <!-- setup -->
        <test-method signature="testLogin()[pri:0, instance:tests.TestSeleniumGemini@65fb9ffc]" started-at="2025-09-06T18:13:48 IST" name="testLogin" finished-at="2025-09-06T18:14:47 IST" duration-ms="58941" status="PASS">
          <reporter-output>
          </reporter-output>
        </test-method> <!-- testLogin -->
        <test-method is-config="true" signature="tearDown()[pri:0, instance:tests.TestSeleniumGemini@65fb9ffc]" started-at="2025-09-06T18:14:47 IST" name="tearDown" finished-at="2025-09-06T18:14:47 IST" duration-ms="217" status="PASS">
          <reporter-output>
          </reporter-output>
        </test-method> <!-- tearDown -->
      </class> <!-- tests.TestSeleniumGemini -->
    </test> <!-- Default test -->
  </suite> <!-- Default suite -->
</testng-results>
